# JRE version: OpenJDK Runtime Environment JBR-11.0.10.8-1145.96-jcef (11.0.10+8) (build 11.0.10+8-b1145.96)
# Java VM: OpenJDK 64-Bit Server VM JBR-11.0.10.8-1145.96-jcef (11.0.10+8-b1145.96, mixed mode, tiered, compressed oops, g1 gc, windows-amd64)
Heap:
 garbage-first heap   total 150528K, used 16288K [0x0000000086800000, 0x0000000100000000)
  region size 1024K, 11 young (11264K), 5 survivors (5120K)
 Metaspace       used 37376K, capacity 37892K, committed 38144K, reserved 1083392K
  class space    used 4121K, capacity 4342K, committed 4352K, reserved 1048576K
GC Heap History (12 events):
Event: 0.641 GC heap before
{Heap before GC invocations=0 (full 0):
 garbage-first heap   total 124928K, used 14336K [0x0000000086800000, 0x0000000100000000)
  region size 1024K, 14 young (14336K), 0 survivors (0K)
 Metaspace       used 9627K, capacity 9849K, committed 9984K, reserved 1058816K
  class space    used 898K, capacity 990K, committed 1024K, reserved 1048576K
}
Event: 0.646 GC heap after
{Heap after GC invocations=1 (full 0):
 garbage-first heap   total 124928K, used 3791K [0x0000000086800000, 0x0000000100000000)
  region size 1024K, 2 young (2048K), 2 survivors (2048K)
 Metaspace       used 9627K, capacity 9849K, committed 9984K, reserved 1058816K
  class space    used 898K, capacity 990K, committed 1024K, reserved 1048576K
}
Event: 1.018 GC heap before
{Heap before GC invocations=1 (full 0):
 garbage-first heap   total 124928K, used 13007K [0x0000000086800000, 0x0000000100000000)
  region size 1024K, 11 young (11264K), 2 survivors (2048K)
 Metaspace       used 13252K, capacity 13596K, committed 13824K, reserved 1060864K
  class space    used 1336K, capacity 1482K, committed 1536K, reserved 1048576K
}
Event: 1.023 GC heap after
{Heap after GC invocations=2 (full 0):
 garbage-first heap   total 124928K, used 4737K [0x0000000086800000, 0x0000000100000000)
  region size 1024K, 1 young (1024K), 1 survivors (1024K)
 Metaspace       used 13252K, capacity 13596K, committed 13824K, reserved 1060864K
  class space    used 1336K, capacity 1482K, committed 1536K, reserved 1048576K
}
Event: 1.505 GC heap before
{Heap before GC invocations=2 (full 0):
 garbage-first heap   total 124928K, used 34433K [0x0000000086800000, 0x0000000100000000)
  region size 1024K, 29 young (29696K), 1 survivors (1024K)
 Metaspace       used 19917K, capacity 20316K, committed 20480K, reserved 1067008K
  class space    used 2044K, capacity 2236K, committed 2304K, reserved 1048576K
}
Event: 1.508 GC heap after
{Heap after GC invocations=3 (full 0):
 garbage-first heap   total 124928K, used 5803K [0x0000000086800000, 0x0000000100000000)
  region size 1024K, 2 young (2048K), 2 survivors (2048K)
 Metaspace       used 19917K, capacity 20316K, committed 20480K, reserved 1067008K
  class space    used 2044K, capacity 2236K, committed 2304K, reserved 1048576K
}
Event: 1.543 GC heap before
{Heap before GC invocations=3 (full 0):
 garbage-first heap   total 124928K, used 6827K [0x0000000086800000, 0x0000000100000000)
  region size 1024K, 4 young (4096K), 2 survivors (2048K)
 Metaspace       used 20549K, capacity 21020K, committed 21248K, reserved 1069056K
  class space    used 2102K, capacity 2300K, committed 2304K, reserved 1048576K
}
Event: 1.546 GC heap after
{Heap after GC invocations=4 (full 0):
 garbage-first heap   total 124928K, used 5908K [0x0000000086800000, 0x0000000100000000)
  region size 1024K, 2 young (2048K), 2 survivors (2048K)
 Metaspace       used 20549K, capacity 21020K, committed 21248K, reserved 1069056K
  class space    used 2102K, capacity 2300K, committed 2304K, reserved 1048576K
}
Event: 2.223 GC heap before
{Heap before GC invocations=5 (full 0):
 garbage-first heap   total 124928K, used 43796K [0x0000000086800000, 0x0000000100000000)
  region size 1024K, 39 young (39936K), 2 survivors (2048K)
 Metaspace       used 29174K, capacity 29657K, committed 29824K, reserved 1075200K
  class space    used 3137K, capacity 3346K, committed 3456K, reserved 1048576K
}
Event: 2.229 GC heap after
{Heap after GC invocations=6 (full 0):
 garbage-first heap   total 124928K, used 7503K [0x0000000086800000, 0x0000000100000000)
  region size 1024K, 4 young (4096K), 4 survivors (4096K)
 Metaspace       used 29174K, capacity 29657K, committed 29824K, reserved 1075200K
  class space    used 3137K, capacity 3346K, committed 3456K, reserved 1048576K
}
Event: 2.948 GC heap before
{Heap before GC invocations=6 (full 0):
 garbage-first heap   total 124928K, used 47439K [0x0000000086800000, 0x0000000100000000)
  region size 1024K, 44 young (45056K), 4 survivors (4096K)
 Metaspace       used 35070K, capacity 35519K, committed 35584K, reserved 1081344K
  class space    used 3851K, capacity 4083K, committed 4096K, reserved 1048576K
}
Event: 2.960 GC heap after
{Heap after GC invocations=7 (full 0):
 garbage-first heap   total 150528K, used 9120K [0x0000000086800000, 0x0000000100000000)
  region size 1024K, 5 young (5120K), 5 survivors (5120K)
 Metaspace       used 35070K, capacity 35519K, committed 35584K, reserved 1081344K
  class space    used 3851K, capacity 4083K, committed 4096K, reserved 1048576K
}

