# JRE version: OpenJDK Runtime Environment JBR-11.0.10.8-1145.96-jcef (11.0.10+8) (build 11.0.10+8-b1145.96)
# Java VM: OpenJDK 64-Bit Server VM JBR-11.0.10.8-1145.96-jcef (11.0.10+8-b1145.96, mixed mode, tiered, compressed oops, g1 gc, windows-amd64)
Heap:
 garbage-first heap   total 150528K, used 16077K [0x0000000086800000, 0x0000000100000000)
  region size 1024K, 11 young (11264K), 5 survivors (5120K)
 Metaspace       used 37204K, capacity 37700K, committed 37888K, reserved 1083392K
  class space    used 4105K, capacity 4342K, committed 4352K, reserved 1048576K
GC Heap History (10 events):
Event: 0.671 GC heap before
{Heap before GC invocations=0 (full 0):
 garbage-first heap   total 124928K, used 14336K [0x0000000086800000, 0x0000000100000000)
  region size 1024K, 14 young (14336K), 0 survivors (0K)
 Metaspace       used 9608K, capacity 9817K, committed 9984K, reserved 1058816K
  class space    used 892K, capacity 958K, committed 1024K, reserved 1048576K
}
Event: 0.676 GC heap after
{Heap after GC invocations=1 (full 0):
 garbage-first heap   total 124928K, used 4189K [0x0000000086800000, 0x0000000100000000)
  region size 1024K, 2 young (2048K), 2 survivors (2048K)
 Metaspace       used 9608K, capacity 9817K, committed 9984K, reserved 1058816K
  class space    used 892K, capacity 958K, committed 1024K, reserved 1048576K
}
Event: 1.177 GC heap before
{Heap before GC invocations=1 (full 0):
 garbage-first heap   total 124928K, used 15453K [0x0000000086800000, 0x0000000100000000)
  region size 1024K, 13 young (13312K), 2 survivors (2048K)
 Metaspace       used 14000K, capacity 14341K, committed 14464K, reserved 1062912K
  class space    used 1420K, capacity 1580K, committed 1664K, reserved 1048576K
}
Event: 1.182 GC heap after
{Heap after GC invocations=2 (full 0):
 garbage-first heap   total 124928K, used 5036K [0x0000000086800000, 0x0000000100000000)
  region size 1024K, 2 young (2048K), 2 survivors (2048K)
 Metaspace       used 14000K, capacity 14341K, committed 14464K, reserved 1062912K
  class space    used 1420K, capacity 1580K, committed 1664K, reserved 1048576K
}
Event: 1.654 GC heap before
{Heap before GC invocations=2 (full 0):
 garbage-first heap   total 124928K, used 32684K [0x0000000086800000, 0x0000000100000000)
  region size 1024K, 30 young (30720K), 2 survivors (2048K)
 Metaspace       used 20559K, capacity 21020K, committed 21248K, reserved 1069056K
  class space    used 2102K, capacity 2300K, committed 2304K, reserved 1048576K
}
Event: 1.659 GC heap after
{Heap after GC invocations=3 (full 0):
 garbage-first heap   total 124928K, used 5707K [0x0000000086800000, 0x0000000100000000)
  region size 1024K, 2 young (2048K), 2 survivors (2048K)
 Metaspace       used 20559K, capacity 21020K, committed 21248K, reserved 1069056K
  class space    used 2102K, capacity 2300K, committed 2304K, reserved 1048576K
}
Event: 2.739 GC heap before
{Heap before GC invocations=4 (full 0):
 garbage-first heap   total 124928K, used 69195K [0x0000000086800000, 0x0000000100000000)
  region size 1024K, 64 young (65536K), 2 survivors (2048K)
 Metaspace       used 32418K, capacity 32889K, committed 33024K, reserved 1079296K
  class space    used 3552K, capacity 3762K, committed 3840K, reserved 1048576K
}
Event: 2.747 GC heap after
{Heap after GC invocations=5 (full 0):
 garbage-first heap   total 124928K, used 8285K [0x0000000086800000, 0x0000000100000000)
  region size 1024K, 5 young (5120K), 5 survivors (5120K)
 Metaspace       used 32418K, capacity 32889K, committed 33024K, reserved 1079296K
  class space    used 3552K, capacity 3762K, committed 3840K, reserved 1048576K
}
Event: 3.154 GC heap before
{Heap before GC invocations=5 (full 0):
 garbage-first heap   total 124928K, used 22621K [0x0000000086800000, 0x0000000100000000)
  region size 1024K, 20 young (20480K), 5 survivors (5120K)
 Metaspace       used 35062K, capacity 35519K, committed 35584K, reserved 1081344K
  class space    used 3854K, capacity 4083K, committed 4096K, reserved 1048576K
}
Event: 3.163 GC heap after
{Heap after GC invocations=6 (full 0):
 garbage-first heap   total 150528K, used 8909K [0x0000000086800000, 0x0000000100000000)
  region size 1024K, 5 young (5120K), 5 survivors (5120K)
 Metaspace       used 35062K, capacity 35519K, committed 35584K, reserved 1081344K
  class space    used 3854K, capacity 4083K, committed 4096K, reserved 1048576K
}

