# JRE version: OpenJDK Runtime Environment JBR-11.0.10.8-1145.96-jcef (11.0.10+8) (build 11.0.10+8-b1145.96)
# Java VM: OpenJDK 64-Bit Server VM JBR-11.0.10.8-1145.96-jcef (11.0.10+8-b1145.96, mixed mode, tiered, compressed oops, g1 gc, windows-amd64)
Heap:
 garbage-first heap   total 124928K, used 15058K [0x0000000086800000, 0x0000000100000000)
  region size 1024K, 10 young (10240K), 5 survivors (5120K)
 Metaspace       used 37379K, capacity 37896K, committed 38064K, reserved 1083392K
  class space    used 4128K, capacity 4342K, committed 4352K, reserved 1048576K
GC Heap History (8 events):
Event: 0.560 GC heap before
{Heap before GC invocations=0 (full 0):
 garbage-first heap   total 124928K, used 14336K [0x0000000086800000, 0x0000000100000000)
  region size 1024K, 14 young (14336K), 0 survivors (0K)
 Metaspace       used 9639K, capacity 9849K, committed 9984K, reserved 1058816K
  class space    used 899K, capacity 990K, committed 1024K, reserved 1048576K
}
Event: 0.564 GC heap after
{Heap after GC invocations=1 (full 0):
 garbage-first heap   total 124928K, used 3845K [0x0000000086800000, 0x0000000100000000)
  region size 1024K, 2 young (2048K), 2 survivors (2048K)
 Metaspace       used 9639K, capacity 9849K, committed 9984K, reserved 1058816K
  class space    used 899K, capacity 990K, committed 1024K, reserved 1048576K
}
Event: 1.501 GC heap before
{Heap before GC invocations=1 (full 0):
 garbage-first heap   total 124928K, used 43781K [0x0000000086800000, 0x0000000100000000)
  region size 1024K, 42 young (43008K), 2 survivors (2048K)
 Metaspace       used 20710K, capacity 21120K, committed 21296K, reserved 1069056K
  class space    used 2113K, capacity 2332K, committed 2432K, reserved 1048576K
}
Event: 1.508 GC heap after
{Heap after GC invocations=2 (full 0):
 garbage-first heap   total 124928K, used 5693K [0x0000000086800000, 0x0000000100000000)
  region size 1024K, 4 young (4096K), 4 survivors (4096K)
 Metaspace       used 20710K, capacity 21120K, committed 21296K, reserved 1069056K
  class space    used 2113K, capacity 2332K, committed 2432K, reserved 1048576K
}
Event: 2.159 GC heap before
{Heap before GC invocations=3 (full 0):
 garbage-first heap   total 124928K, used 42557K [0x0000000086800000, 0x0000000100000000)
  region size 1024K, 40 young (40960K), 4 survivors (4096K)
 Metaspace       used 29237K, capacity 29661K, committed 30000K, reserved 1075200K
  class space    used 3148K, capacity 3346K, committed 3456K, reserved 1048576K
}
Event: 2.167 GC heap after
{Heap after GC invocations=4 (full 0):
 garbage-first heap   total 124928K, used 7462K [0x0000000086800000, 0x0000000100000000)
  region size 1024K, 4 young (4096K), 4 survivors (4096K)
 Metaspace       used 29237K, capacity 29661K, committed 30000K, reserved 1075200K
  class space    used 3148K, capacity 3346K, committed 3456K, reserved 1048576K
}
Event: 2.875 GC heap before
{Heap before GC invocations=4 (full 0):
 garbage-first heap   total 124928K, used 47398K [0x0000000086800000, 0x0000000100000000)
  region size 1024K, 44 young (45056K), 4 survivors (4096K)
 Metaspace       used 35281K, capacity 35750K, committed 35888K, reserved 1081344K
  class space    used 3894K, capacity 4116K, committed 4224K, reserved 1048576K
}
Event: 2.884 GC heap after
{Heap after GC invocations=5 (full 0):
 garbage-first heap   total 124928K, used 8914K [0x0000000086800000, 0x0000000100000000)
  region size 1024K, 5 young (5120K), 5 survivors (5120K)
 Metaspace       used 35281K, capacity 35750K, committed 35888K, reserved 1081344K
  class space    used 3894K, capacity 4116K, committed 4224K, reserved 1048576K
}

