# JRE version: OpenJDK Runtime Environment JBR-11.0.10.8-1145.96-jcef (11.0.10+8) (build 11.0.10+8-b1145.96)
# Java VM: OpenJDK 64-Bit Server VM JBR-11.0.10.8-1145.96-jcef (11.0.10+8-b1145.96, mixed mode, tiered, compressed oops, g1 gc, windows-amd64)
Heap:
 garbage-first heap   total 124928K, used 15050K [0x0000000086800000, 0x0000000100000000)
  region size 1024K, 10 young (10240K), 5 survivors (5120K)
 Metaspace       used 37218K, capacity 37764K, committed 38008K, reserved 1083392K
  class space    used 4104K, capacity 4342K, committed 4472K, reserved 1048576K
GC Heap History (10 events):
Event: 0.670 GC heap before
{Heap before GC invocations=0 (full 0):
 garbage-first heap   total 124928K, used 14336K [0x0000000086800000, 0x0000000100000000)
  region size 1024K, 14 young (14336K), 0 survivors (0K)
 Metaspace       used 9602K, capacity 9814K, committed 9984K, reserved 1058816K
  class space    used 891K, capacity 957K, committed 1024K, reserved 1048576K
}
Event: 0.675 GC heap after
{Heap after GC invocations=1 (full 0):
 garbage-first heap   total 124928K, used 3820K [0x0000000086800000, 0x0000000100000000)
  region size 1024K, 2 young (2048K), 2 survivors (2048K)
 Metaspace       used 9602K, capacity 9814K, committed 9984K, reserved 1058816K
  class space    used 891K, capacity 957K, committed 1024K, reserved 1048576K
}
Event: 1.292 GC heap before
{Heap before GC invocations=1 (full 0):
 garbage-first heap   total 124928K, used 16108K [0x0000000086800000, 0x0000000100000000)
  region size 1024K, 14 young (14336K), 2 survivors (2048K)
 Metaspace       used 14613K, capacity 15004K, committed 15104K, reserved 1062912K
  class space    used 1516K, capacity 1724K, committed 1792K, reserved 1048576K
}
Event: 1.296 GC heap after
{Heap after GC invocations=2 (full 0):
 garbage-first heap   total 124928K, used 5154K [0x0000000086800000, 0x0000000100000000)
  region size 1024K, 2 young (2048K), 2 survivors (2048K)
 Metaspace       used 14613K, capacity 15004K, committed 15104K, reserved 1062912K
  class space    used 1516K, capacity 1724K, committed 1792K, reserved 1048576K
}
Event: 1.794 GC heap before
{Heap before GC invocations=2 (full 0):
 garbage-first heap   total 124928K, used 31778K [0x0000000086800000, 0x0000000100000000)
  region size 1024K, 29 young (29696K), 2 survivors (2048K)
 Metaspace       used 20563K, capacity 21020K, committed 21248K, reserved 1069056K
  class space    used 2102K, capacity 2300K, committed 2304K, reserved 1048576K
}
Event: 1.798 GC heap after
{Heap after GC invocations=3 (full 0):
 garbage-first heap   total 124928K, used 5841K [0x0000000086800000, 0x0000000100000000)
  region size 1024K, 2 young (2048K), 2 survivors (2048K)
 Metaspace       used 20563K, capacity 21020K, committed 21248K, reserved 1069056K
  class space    used 2102K, capacity 2300K, committed 2304K, reserved 1048576K
}
Event: 2.755 GC heap before
{Heap before GC invocations=4 (full 0):
 garbage-first heap   total 124928K, used 62161K [0x0000000086800000, 0x0000000100000000)
  region size 1024K, 57 young (58368K), 2 survivors (2048K)
 Metaspace       used 31453K, capacity 31897K, committed 32128K, reserved 1077248K
  class space    used 3443K, capacity 3666K, committed 3712K, reserved 1048576K
}
Event: 2.763 GC heap after
{Heap after GC invocations=5 (full 0):
 garbage-first heap   total 124928K, used 7827K [0x0000000086800000, 0x0000000100000000)
  region size 1024K, 4 young (4096K), 4 survivors (4096K)
 Metaspace       used 31453K, capacity 31897K, committed 32128K, reserved 1077248K
  class space    used 3443K, capacity 3666K, committed 3712K, reserved 1048576K
}
Event: 3.203 GC heap before
{Heap before GC invocations=5 (full 0):
 garbage-first heap   total 124928K, used 29331K [0x0000000086800000, 0x0000000100000000)
  region size 1024K, 26 young (26624K), 4 survivors (4096K)
 Metaspace       used 35078K, capacity 35519K, committed 35584K, reserved 1081344K
  class space    used 3853K, capacity 4083K, committed 4096K, reserved 1048576K
}
Event: 3.212 GC heap after
{Heap after GC invocations=6 (full 0):
 garbage-first heap   total 124928K, used 8906K [0x0000000086800000, 0x0000000100000000)
  region size 1024K, 5 young (5120K), 5 survivors (5120K)
 Metaspace       used 35078K, capacity 35519K, committed 35584K, reserved 1081344K
  class space    used 3853K, capacity 4083K, committed 4096K, reserved 1048576K
}

