# JRE version: OpenJDK Runtime Environment JBR-11.0.10.8-1145.96-jcef (11.0.10+8) (build 11.0.10+8-b1145.96)
# Java VM: OpenJDK 64-Bit Server VM JBR-11.0.10.8-1145.96-jcef (11.0.10+8-b1145.96, mixed mode, tiered, compressed oops, g1 gc, windows-amd64)
Heap:
 garbage-first heap   total 124928K, used 16326K [0x0000000086800000, 0x0000000100000000)
  region size 1024K, 11 young (11264K), 5 survivors (5120K)
 Metaspace       used 37227K, capacity 37768K, committed 37888K, reserved 1083392K
  class space    used 4104K, capacity 4342K, committed 4352K, reserved 1048576K
GC Heap History (10 events):
Event: 0.768 GC heap before
{Heap before GC invocations=0 (full 0):
 garbage-first heap   total 124928K, used 14336K [0x0000000086800000, 0x0000000100000000)
  region size 1024K, 14 young (14336K), 0 survivors (0K)
 Metaspace       used 9658K, capacity 9849K, committed 9984K, reserved 1058816K
  class space    used 900K, capacity 990K, committed 1024K, reserved 1048576K
}
Event: 0.780 GC heap after
{Heap after GC invocations=1 (full 0):
 garbage-first heap   total 124928K, used 3739K [0x0000000086800000, 0x0000000100000000)
  region size 1024K, 2 young (2048K), 2 survivors (2048K)
 Metaspace       used 9658K, capacity 9849K, committed 9984K, reserved 1058816K
  class space    used 900K, capacity 990K, committed 1024K, reserved 1048576K
}
Event: 1.439 GC heap before
{Heap before GC invocations=1 (full 0):
 garbage-first heap   total 124928K, used 16027K [0x0000000086800000, 0x0000000100000000)
  region size 1024K, 14 young (14336K), 2 survivors (2048K)
 Metaspace       used 14841K, capacity 15264K, committed 15360K, reserved 1062912K
  class space    used 1533K, capacity 1724K, committed 1792K, reserved 1048576K
}
Event: 1.444 GC heap after
{Heap after GC invocations=2 (full 0):
 garbage-first heap   total 124928K, used 5349K [0x0000000086800000, 0x0000000100000000)
  region size 1024K, 2 young (2048K), 2 survivors (2048K)
 Metaspace       used 14841K, capacity 15264K, committed 15360K, reserved 1062912K
  class space    used 1533K, capacity 1724K, committed 1792K, reserved 1048576K
}
Event: 1.988 GC heap before
{Heap before GC invocations=2 (full 0):
 garbage-first heap   total 124928K, used 30949K [0x0000000086800000, 0x0000000100000000)
  region size 1024K, 28 young (28672K), 2 survivors (2048K)
 Metaspace       used 20564K, capacity 21024K, committed 21248K, reserved 1069056K
  class space    used 2102K, capacity 2300K, committed 2304K, reserved 1048576K
}
Event: 1.992 GC heap after
{Heap after GC invocations=3 (full 0):
 garbage-first heap   total 124928K, used 5993K [0x0000000086800000, 0x0000000100000000)
  region size 1024K, 2 young (2048K), 2 survivors (2048K)
 Metaspace       used 20564K, capacity 21024K, committed 21248K, reserved 1069056K
  class space    used 2102K, capacity 2300K, committed 2304K, reserved 1048576K
}
Event: 2.884 GC heap before
{Heap before GC invocations=4 (full 0):
 garbage-first heap   total 124928K, used 60265K [0x0000000086800000, 0x0000000100000000)
  region size 1024K, 55 young (56320K), 2 survivors (2048K)
 Metaspace       used 31231K, capacity 31709K, committed 31872K, reserved 1077248K
  class space    used 3402K, capacity 3602K, committed 3712K, reserved 1048576K
}
Event: 2.890 GC heap after
{Heap after GC invocations=5 (full 0):
 garbage-first heap   total 124928K, used 7853K [0x0000000086800000, 0x0000000100000000)
  region size 1024K, 4 young (4096K), 4 survivors (4096K)
 Metaspace       used 31231K, capacity 31709K, committed 31872K, reserved 1077248K
  class space    used 3402K, capacity 3602K, committed 3712K, reserved 1048576K
}
Event: 3.378 GC heap before
{Heap before GC invocations=5 (full 0):
 garbage-first heap   total 124928K, used 31405K [0x0000000086800000, 0x0000000100000000)
  region size 1024K, 28 young (28672K), 4 survivors (4096K)
 Metaspace       used 35085K, capacity 35523K, committed 35584K, reserved 1081344K
  class space    used 3852K, capacity 4083K, committed 4096K, reserved 1048576K
}
Event: 3.385 GC heap after
{Heap after GC invocations=6 (full 0):
 garbage-first heap   total 124928K, used 9158K [0x0000000086800000, 0x0000000100000000)
  region size 1024K, 5 young (5120K), 5 survivors (5120K)
 Metaspace       used 35085K, capacity 35523K, committed 35584K, reserved 1081344K
  class space    used 3852K, capacity 4083K, committed 4096K, reserved 1048576K
}

