# JRE version: OpenJDK Runtime Environment JBR-11.0.10.8-1145.96-jcef (11.0.10+8) (build 11.0.10+8-b1145.96)
# Java VM: OpenJDK 64-Bit Server VM JBR-11.0.10.8-1145.96-jcef (11.0.10+8-b1145.96, mixed mode, tiered, compressed oops, g1 gc, windows-amd64)
Heap:
 garbage-first heap   total 124928K, used 15135K [0x0000000086800000, 0x0000000100000000)
  region size 1024K, 10 young (10240K), 5 survivors (5120K)
 Metaspace       used 37378K, capacity 37896K, committed 38144K, reserved 1083392K
  class space    used 4124K, capacity 4342K, committed 4352K, reserved 1048576K
GC Heap History (10 events):
Event: 0.698 GC heap before
{Heap before GC invocations=0 (full 0):
 garbage-first heap   total 124928K, used 14336K [0x0000000086800000, 0x0000000100000000)
  region size 1024K, 14 young (14336K), 0 survivors (0K)
 Metaspace       used 9600K, capacity 9814K, committed 9984K, reserved 1058816K
  class space    used 891K, capacity 957K, committed 1024K, reserved 1048576K
}
Event: 0.702 GC heap after
{Heap after GC invocations=1 (full 0):
 garbage-first heap   total 124928K, used 3825K [0x0000000086800000, 0x0000000100000000)
  region size 1024K, 2 young (2048K), 2 survivors (2048K)
 Metaspace       used 9600K, capacity 9814K, committed 9984K, reserved 1058816K
  class space    used 891K, capacity 957K, committed 1024K, reserved 1048576K
}
Event: 1.207 GC heap before
{Heap before GC invocations=1 (full 0):
 garbage-first heap   total 124928K, used 13041K [0x0000000086800000, 0x0000000100000000)
  region size 1024K, 12 young (12288K), 2 survivors (2048K)
 Metaspace       used 13889K, capacity 14249K, committed 14464K, reserved 1062912K
  class space    used 1396K, capacity 1549K, committed 1664K, reserved 1048576K
}
Event: 1.211 GC heap after
{Heap after GC invocations=2 (full 0):
 garbage-first heap   total 124928K, used 5026K [0x0000000086800000, 0x0000000100000000)
  region size 1024K, 2 young (2048K), 2 survivors (2048K)
 Metaspace       used 13889K, capacity 14249K, committed 14464K, reserved 1062912K
  class space    used 1396K, capacity 1549K, committed 1664K, reserved 1048576K
}
Event: 1.753 GC heap before
{Heap before GC invocations=2 (full 0):
 garbage-first heap   total 124928K, used 34722K [0x0000000086800000, 0x0000000100000000)
  region size 1024K, 31 young (31744K), 2 survivors (2048K)
 Metaspace       used 20565K, capacity 21024K, committed 21248K, reserved 1069056K
  class space    used 2102K, capacity 2300K, committed 2304K, reserved 1048576K
}
Event: 1.758 GC heap after
{Heap after GC invocations=3 (full 0):
 garbage-first heap   total 124928K, used 5826K [0x0000000086800000, 0x0000000100000000)
  region size 1024K, 2 young (2048K), 2 survivors (2048K)
 Metaspace       used 20565K, capacity 21024K, committed 21248K, reserved 1069056K
  class space    used 2102K, capacity 2300K, committed 2304K, reserved 1048576K
}
Event: 3.143 GC heap before
{Heap before GC invocations=4 (full 0):
 garbage-first heap   total 124928K, used 78530K [0x0000000086800000, 0x0000000100000000)
  region size 1024K, 73 young (74752K), 2 survivors (2048K)
 Metaspace       used 34158K, capacity 34659K, committed 34816K, reserved 1079296K
  class space    used 3766K, capacity 3987K, committed 4096K, reserved 1048576K
}
Event: 3.153 GC heap after
{Heap after GC invocations=5 (full 0):
 garbage-first heap   total 124928K, used 8686K [0x0000000086800000, 0x0000000100000000)
  region size 1024K, 5 young (5120K), 5 survivors (5120K)
 Metaspace       used 34158K, capacity 34659K, committed 34816K, reserved 1079296K
  class space    used 3766K, capacity 3987K, committed 4096K, reserved 1048576K
}
Event: 3.238 GC heap before
{Heap before GC invocations=5 (full 0):
 garbage-first heap   total 124928K, used 12782K [0x0000000086800000, 0x0000000100000000)
  region size 1024K, 10 young (10240K), 5 survivors (5120K)
 Metaspace       used 35081K, capacity 35523K, committed 35584K, reserved 1081344K
  class space    used 3856K, capacity 4083K, committed 4096K, reserved 1048576K
}
Event: 3.246 GC heap after
{Heap after GC invocations=6 (full 0):
 garbage-first heap   total 124928K, used 8991K [0x0000000086800000, 0x0000000100000000)
  region size 1024K, 5 young (5120K), 5 survivors (5120K)
 Metaspace       used 35081K, capacity 35523K, committed 35584K, reserved 1081344K
  class space    used 3856K, capacity 4083K, committed 4096K, reserved 1048576K
}

