# JRE version: OpenJDK Runtime Environment JBR-11.0.10.8-1145.96-jcef (11.0.10+8) (build 11.0.10+8-b1145.96)
# Java VM: OpenJDK 64-Bit Server VM JBR-11.0.10.8-1145.96-jcef (11.0.10+8-b1145.96, mixed mode, tiered, compressed oops, g1 gc, windows-amd64)
Heap:
 garbage-first heap   total 124928K, used 14987K [0x0000000086800000, 0x0000000100000000)
  region size 1024K, 10 young (10240K), 5 survivors (5120K)
 Metaspace       used 37447K, capacity 37896K, committed 38144K, reserved 1083392K
  class space    used 4121K, capacity 4342K, committed 4352K, reserved 1048576K
GC Heap History (10 events):
Event: 2.147 GC heap before
{Heap before GC invocations=0 (full 0):
 garbage-first heap   total 124928K, used 14336K [0x0000000086800000, 0x0000000100000000)
  region size 1024K, 14 young (14336K), 0 survivors (0K)
 Metaspace       used 8572K, capacity 8741K, committed 8832K, reserved 1056768K
  class space    used 780K, capacity 830K, committed 896K, reserved 1048576K
}
Event: 2.165 GC heap after
{Heap after GC invocations=1 (full 0):
 garbage-first heap   total 124928K, used 4029K [0x0000000086800000, 0x0000000100000000)
  region size 1024K, 2 young (2048K), 2 survivors (2048K)
 Metaspace       used 8572K, capacity 8741K, committed 8832K, reserved 1056768K
  class space    used 780K, capacity 830K, committed 896K, reserved 1048576K
}
Event: 3.893 GC heap before
{Heap before GC invocations=1 (full 0):
 garbage-first heap   total 124928K, used 15293K [0x0000000086800000, 0x0000000100000000)
  region size 1024K, 13 young (13312K), 2 survivors (2048K)
 Metaspace       used 14072K, capacity 14422K, committed 14720K, reserved 1062912K
  class space    used 1421K, capacity 1586K, committed 1664K, reserved 1048576K
}
Event: 4.013 GC heap after
{Heap after GC invocations=2 (full 0):
 garbage-first heap   total 124928K, used 4975K [0x0000000086800000, 0x0000000100000000)
  region size 1024K, 1 young (1024K), 1 survivors (1024K)
 Metaspace       used 14072K, capacity 14422K, committed 14720K, reserved 1062912K
  class space    used 1421K, capacity 1586K, committed 1664K, reserved 1048576K
}
Event: 5.259 GC heap before
{Heap before GC invocations=2 (full 0):
 garbage-first heap   total 124928K, used 31599K [0x0000000086800000, 0x0000000100000000)
  region size 1024K, 28 young (28672K), 1 survivors (1024K)
 Metaspace       used 20596K, capacity 21088K, committed 21248K, reserved 1069056K
  class space    used 2102K, capacity 2300K, committed 2304K, reserved 1048576K
}
Event: 5.264 GC heap after
{Heap after GC invocations=3 (full 0):
 garbage-first heap   total 124928K, used 5709K [0x0000000086800000, 0x0000000100000000)
  region size 1024K, 2 young (2048K), 2 survivors (2048K)
 Metaspace       used 20596K, capacity 21088K, committed 21248K, reserved 1069056K
  class space    used 2102K, capacity 2300K, committed 2304K, reserved 1048576K
}
Event: 7.176 GC heap before
{Heap before GC invocations=4 (full 0):
 garbage-first heap   total 124928K, used 46669K [0x0000000086800000, 0x0000000100000000)
  region size 1024K, 42 young (43008K), 2 survivors (2048K)
 Metaspace       used 29566K, capacity 30045K, committed 30336K, reserved 1077248K
  class space    used 3187K, capacity 3410K, committed 3456K, reserved 1048576K
}
Event: 7.182 GC heap after
{Heap after GC invocations=5 (full 0):
 garbage-first heap   total 124928K, used 7430K [0x0000000086800000, 0x0000000100000000)
  region size 1024K, 4 young (4096K), 4 survivors (4096K)
 Metaspace       used 29566K, capacity 30045K, committed 30336K, reserved 1077248K
  class space    used 3187K, capacity 3410K, committed 3456K, reserved 1048576K
}
Event: 8.036 GC heap before
{Heap before GC invocations=5 (full 0):
 garbage-first heap   total 124928K, used 44294K [0x0000000086800000, 0x0000000100000000)
  region size 1024K, 41 young (41984K), 4 survivors (4096K)
 Metaspace       used 35042K, capacity 35523K, committed 35584K, reserved 1081344K
  class space    used 3849K, capacity 4083K, committed 4096K, reserved 1048576K
}
Event: 8.044 GC heap after
{Heap after GC invocations=6 (full 0):
 garbage-first heap   total 124928K, used 8843K [0x0000000086800000, 0x0000000100000000)
  region size 1024K, 5 young (5120K), 5 survivors (5120K)
 Metaspace       used 35042K, capacity 35523K, committed 35584K, reserved 1081344K
  class space    used 3849K, capacity 4083K, committed 4096K, reserved 1048576K
}

