# JRE version: OpenJDK Runtime Environment JBR-11.0.10.8-1145.96-jcef (11.0.10+8) (build 11.0.10+8-b1145.96)
# Java VM: OpenJDK 64-Bit Server VM JBR-11.0.10.8-1145.96-jcef (11.0.10+8-b1145.96, mixed mode, tiered, compressed oops, g1 gc, windows-amd64)
Heap:
 garbage-first heap   total 124928K, used 15312K [0x0000000086800000, 0x0000000100000000)
  region size 1024K, 11 young (11264K), 6 survivors (6144K)
 Metaspace       used 37397K, capacity 37892K, committed 38064K, reserved 1083392K
  class space    used 4123K, capacity 4342K, committed 4352K, reserved 1048576K
GC Heap History (10 events):
Event: 0.948 GC heap before
{Heap before GC invocations=0 (full 0):
 garbage-first heap   total 124928K, used 14336K [0x0000000086800000, 0x0000000100000000)
  region size 1024K, 14 young (14336K), 0 survivors (0K)
 Metaspace       used 9657K, capacity 9849K, committed 9984K, reserved 1058816K
  class space    used 900K, capacity 990K, committed 1024K, reserved 1048576K
}
Event: 0.970 GC heap after
{Heap after GC invocations=1 (full 0):
 garbage-first heap   total 124928K, used 4258K [0x0000000086800000, 0x0000000100000000)
  region size 1024K, 2 young (2048K), 2 survivors (2048K)
 Metaspace       used 9657K, capacity 9849K, committed 9984K, reserved 1058816K
  class space    used 900K, capacity 990K, committed 1024K, reserved 1048576K
}
Event: 1.646 GC heap before
{Heap before GC invocations=1 (full 0):
 garbage-first heap   total 124928K, used 16546K [0x0000000086800000, 0x0000000100000000)
  region size 1024K, 14 young (14336K), 2 survivors (2048K)
 Metaspace       used 14659K, capacity 15068K, committed 15360K, reserved 1062912K
  class space    used 1522K, capacity 1724K, committed 1792K, reserved 1048576K
}
Event: 1.650 GC heap after
{Heap after GC invocations=2 (full 0):
 garbage-first heap   total 124928K, used 5153K [0x0000000086800000, 0x0000000100000000)
  region size 1024K, 2 young (2048K), 2 survivors (2048K)
 Metaspace       used 14659K, capacity 15068K, committed 15360K, reserved 1062912K
  class space    used 1522K, capacity 1724K, committed 1792K, reserved 1048576K
}
Event: 2.125 GC heap before
{Heap before GC invocations=2 (full 0):
 garbage-first heap   total 124928K, used 32801K [0x0000000086800000, 0x0000000100000000)
  region size 1024K, 29 young (29696K), 2 survivors (2048K)
 Metaspace       used 20666K, capacity 21116K, committed 21296K, reserved 1069056K
  class space    used 2107K, capacity 2332K, committed 2432K, reserved 1048576K
}
Event: 2.131 GC heap after
{Heap after GC invocations=3 (full 0):
 garbage-first heap   total 124928K, used 5924K [0x0000000086800000, 0x0000000100000000)
  region size 1024K, 2 young (2048K), 2 survivors (2048K)
 Metaspace       used 20666K, capacity 21116K, committed 21296K, reserved 1069056K
  class space    used 2107K, capacity 2332K, committed 2432K, reserved 1048576K
}
Event: 3.282 GC heap before
{Heap before GC invocations=4 (full 0):
 garbage-first heap   total 124928K, used 63268K [0x0000000086800000, 0x0000000100000000)
  region size 1024K, 58 young (59392K), 2 survivors (2048K)
 Metaspace       used 31846K, capacity 32313K, committed 32560K, reserved 1079296K
  class space    used 3482K, capacity 3698K, committed 3712K, reserved 1048576K
}
Event: 3.293 GC heap after
{Heap after GC invocations=5 (full 0):
 garbage-first heap   total 124928K, used 8213K [0x0000000086800000, 0x0000000100000000)
  region size 1024K, 5 young (5120K), 5 survivors (5120K)
 Metaspace       used 31846K, capacity 32313K, committed 32560K, reserved 1079296K
  class space    used 3482K, capacity 3698K, committed 3712K, reserved 1048576K
}
Event: 3.719 GC heap before
{Heap before GC invocations=5 (full 0):
 garbage-first heap   total 124928K, used 27669K [0x0000000086800000, 0x0000000100000000)
  region size 1024K, 25 young (25600K), 5 survivors (5120K)
 Metaspace       used 35280K, capacity 35778K, committed 35920K, reserved 1081344K
  class space    used 3886K, capacity 4084K, committed 4096K, reserved 1048576K
}
Event: 3.728 GC heap after
{Heap after GC invocations=6 (full 0):
 garbage-first heap   total 124928K, used 9168K [0x0000000086800000, 0x0000000100000000)
  region size 1024K, 6 young (6144K), 6 survivors (6144K)
 Metaspace       used 35280K, capacity 35778K, committed 35920K, reserved 1081344K
  class space    used 3886K, capacity 4084K, committed 4096K, reserved 1048576K
}

