# JRE version: OpenJDK Runtime Environment JBR-11.0.10.8-1145.96-jcef (11.0.10+8) (build 11.0.10+8-b1145.96)
# Java VM: OpenJDK 64-Bit Server VM JBR-11.0.10.8-1145.96-jcef (11.0.10+8-b1145.96, mixed mode, tiered, compressed oops, g1 gc, windows-amd64)
Heap:
 garbage-first heap   total 124928K, used 15016K [0x0000000086800000, 0x0000000100000000)
  region size 1024K, 10 young (10240K), 5 survivors (5120K)
 Metaspace       used 37194K, capacity 37700K, committed 38008K, reserved 1083392K
  class space    used 4107K, capacity 4342K, committed 4472K, reserved 1048576K
GC Heap History (8 events):
Event: 0.552 GC heap before
{Heap before GC invocations=0 (full 0):
 garbage-first heap   total 124928K, used 14336K [0x0000000086800000, 0x0000000100000000)
  region size 1024K, 14 young (14336K), 0 survivors (0K)
 Metaspace       used 9645K, capacity 9849K, committed 9984K, reserved 1058816K
  class space    used 899K, capacity 990K, committed 1024K, reserved 1048576K
}
Event: 0.557 GC heap after
{Heap after GC invocations=1 (full 0):
 garbage-first heap   total 124928K, used 3749K [0x0000000086800000, 0x0000000100000000)
  region size 1024K, 2 young (2048K), 2 survivors (2048K)
 Metaspace       used 9645K, capacity 9849K, committed 9984K, reserved 1058816K
  class space    used 899K, capacity 990K, committed 1024K, reserved 1048576K
}
Event: 1.490 GC heap before
{Heap before GC invocations=1 (full 0):
 garbage-first heap   total 124928K, used 42661K [0x0000000086800000, 0x0000000100000000)
  region size 1024K, 40 young (40960K), 2 survivors (2048K)
 Metaspace       used 20532K, capacity 21020K, committed 21248K, reserved 1069056K
  class space    used 2103K, capacity 2300K, committed 2304K, reserved 1048576K
}
Event: 1.497 GC heap after
{Heap after GC invocations=2 (full 0):
 garbage-first heap   total 124928K, used 6155K [0x0000000086800000, 0x0000000100000000)
  region size 1024K, 5 young (5120K), 5 survivors (5120K)
 Metaspace       used 20532K, capacity 21020K, committed 21248K, reserved 1069056K
  class space    used 2103K, capacity 2300K, committed 2304K, reserved 1048576K
}
Event: 2.122 GC heap before
{Heap before GC invocations=3 (full 0):
 garbage-first heap   total 124928K, used 38923K [0x0000000086800000, 0x0000000100000000)
  region size 1024K, 37 young (37888K), 5 survivors (5120K)
 Metaspace       used 28555K, capacity 28985K, committed 29184K, reserved 1075200K
  class space    used 3045K, capacity 3250K, committed 3328K, reserved 1048576K
}
Event: 2.129 GC heap after
{Heap after GC invocations=4 (full 0):
 garbage-first heap   total 124928K, used 7267K [0x0000000086800000, 0x0000000100000000)
  region size 1024K, 4 young (4096K), 4 survivors (4096K)
 Metaspace       used 28555K, capacity 28985K, committed 29184K, reserved 1075200K
  class space    used 3045K, capacity 3250K, committed 3328K, reserved 1048576K
}
Event: 2.853 GC heap before
{Heap before GC invocations=4 (full 0):
 garbage-first heap   total 124928K, used 51299K [0x0000000086800000, 0x0000000100000000)
  region size 1024K, 48 young (49152K), 4 survivors (4096K)
 Metaspace       used 35051K, capacity 35519K, committed 35584K, reserved 1081344K
  class space    used 3852K, capacity 4083K, committed 4096K, reserved 1048576K
}
Event: 2.864 GC heap after
{Heap after GC invocations=5 (full 0):
 garbage-first heap   total 124928K, used 8872K [0x0000000086800000, 0x0000000100000000)
  region size 1024K, 5 young (5120K), 5 survivors (5120K)
 Metaspace       used 35051K, capacity 35519K, committed 35584K, reserved 1081344K
  class space    used 3852K, capacity 4083K, committed 4096K, reserved 1048576K
}

