# JRE version: OpenJDK Runtime Environment JBR-11.0.10.8-1145.96-jcef (11.0.10+8) (build 11.0.10+8-b1145.96)
# Java VM: OpenJDK 64-Bit Server VM JBR-11.0.10.8-1145.96-jcef (11.0.10+8-b1145.96, mixed mode, tiered, compressed oops, g1 gc, windows-amd64)
Heap:
 garbage-first heap   total 150528K, used 15175K [0x0000000086800000, 0x0000000100000000)
  region size 1024K, 11 young (11264K), 6 survivors (6144K)
 Metaspace       used 37219K, capacity 37768K, committed 37888K, reserved 1083392K
  class space    used 4107K, capacity 4342K, committed 4352K, reserved 1048576K
GC Heap History (10 events):
Event: 0.631 GC heap before
{Heap before GC invocations=0 (full 0):
 garbage-first heap   total 124928K, used 14336K [0x0000000086800000, 0x0000000100000000)
  region size 1024K, 14 young (14336K), 0 survivors (0K)
 Metaspace       used 9646K, capacity 9849K, committed 9984K, reserved 1058816K
  class space    used 898K, capacity 990K, committed 1024K, reserved 1048576K
}
Event: 0.637 GC heap after
{Heap after GC invocations=1 (full 0):
 garbage-first heap   total 124928K, used 4008K [0x0000000086800000, 0x0000000100000000)
  region size 1024K, 2 young (2048K), 2 survivors (2048K)
 Metaspace       used 9646K, capacity 9849K, committed 9984K, reserved 1058816K
  class space    used 898K, capacity 990K, committed 1024K, reserved 1048576K
}
Event: 0.975 GC heap before
{Heap before GC invocations=1 (full 0):
 garbage-first heap   total 124928K, used 13224K [0x0000000086800000, 0x0000000100000000)
  region size 1024K, 11 young (11264K), 2 survivors (2048K)
 Metaspace       used 13244K, capacity 13593K, committed 13824K, reserved 1060864K
  class space    used 1335K, capacity 1481K, committed 1536K, reserved 1048576K
}
Event: 0.980 GC heap after
{Heap after GC invocations=2 (full 0):
 garbage-first heap   total 124928K, used 4534K [0x0000000086800000, 0x0000000100000000)
  region size 1024K, 1 young (1024K), 1 survivors (1024K)
 Metaspace       used 13244K, capacity 13593K, committed 13824K, reserved 1060864K
  class space    used 1335K, capacity 1481K, committed 1536K, reserved 1048576K
}
Event: 1.656 GC heap before
{Heap before GC invocations=2 (full 0):
 garbage-first heap   total 124928K, used 34230K [0x0000000086800000, 0x0000000100000000)
  region size 1024K, 30 young (30720K), 1 survivors (1024K)
 Metaspace       used 20561K, capacity 21024K, committed 21248K, reserved 1069056K
  class space    used 2103K, capacity 2300K, committed 2304K, reserved 1048576K
}
Event: 1.661 GC heap after
{Heap after GC invocations=3 (full 0):
 garbage-first heap   total 124928K, used 5644K [0x0000000086800000, 0x0000000100000000)
  region size 1024K, 2 young (2048K), 2 survivors (2048K)
 Metaspace       used 20561K, capacity 21024K, committed 21248K, reserved 1069056K
  class space    used 2103K, capacity 2300K, committed 2304K, reserved 1048576K
}
Event: 2.420 GC heap before
{Heap before GC invocations=4 (full 0):
 garbage-first heap   total 124928K, used 45580K [0x0000000086800000, 0x0000000100000000)
  region size 1024K, 41 young (41984K), 2 survivors (2048K)
 Metaspace       used 29421K, capacity 29885K, committed 30080K, reserved 1075200K
  class space    used 3168K, capacity 3378K, committed 3456K, reserved 1048576K
}
Event: 2.426 GC heap after
{Heap after GC invocations=5 (full 0):
 garbage-first heap   total 124928K, used 7541K [0x0000000086800000, 0x0000000100000000)
  region size 1024K, 4 young (4096K), 4 survivors (4096K)
 Metaspace       used 29421K, capacity 29885K, committed 30080K, reserved 1075200K
  class space    used 3168K, capacity 3378K, committed 3456K, reserved 1048576K
}
Event: 3.081 GC heap before
{Heap before GC invocations=5 (full 0):
 garbage-first heap   total 124928K, used 43381K [0x0000000086800000, 0x0000000100000000)
  region size 1024K, 40 young (40960K), 4 survivors (4096K)
 Metaspace       used 35074K, capacity 35523K, committed 35584K, reserved 1081344K
  class space    used 3852K, capacity 4083K, committed 4096K, reserved 1048576K
}
Event: 3.089 GC heap after
{Heap after GC invocations=6 (full 0):
 garbage-first heap   total 150528K, used 9031K [0x0000000086800000, 0x0000000100000000)
  region size 1024K, 6 young (6144K), 6 survivors (6144K)
 Metaspace       used 35074K, capacity 35523K, committed 35584K, reserved 1081344K
  class space    used 3852K, capacity 4083K, committed 4096K, reserved 1048576K
}

