# JRE version: OpenJDK Runtime Environment JBR-11.0.10.8-1145.96-jcef (11.0.10+8) (build 11.0.10+8-b1145.96)
# Java VM: OpenJDK 64-Bit Server VM JBR-11.0.10.8-1145.96-jcef (11.0.10+8-b1145.96, mixed mode, tiered, compressed oops, g1 gc, windows-amd64)
Heap:
 garbage-first heap   total 124928K, used 15987K [0x0000000086800000, 0x0000000100000000)
  region size 1024K, 11 young (11264K), 5 survivors (5120K)
 Metaspace       used 37239K, capacity 37768K, committed 37888K, reserved 1083392K
  class space    used 4102K, capacity 4342K, committed 4352K, reserved 1048576K
GC Heap History (8 events):
Event: 1.951 GC heap before
{Heap before GC invocations=0 (full 0):
 garbage-first heap   total 124928K, used 14336K [0x0000000086800000, 0x0000000100000000)
  region size 1024K, 14 young (14336K), 0 survivors (0K)
 Metaspace       used 9541K, capacity 9730K, committed 9984K, reserved 1058816K
  class space    used 880K, capacity 950K, committed 1024K, reserved 1048576K
}
Event: 1.956 GC heap after
{Heap after GC invocations=1 (full 0):
 garbage-first heap   total 124928K, used 4206K [0x0000000086800000, 0x0000000100000000)
  region size 1024K, 2 young (2048K), 2 survivors (2048K)
 Metaspace       used 9541K, capacity 9730K, committed 9984K, reserved 1058816K
  class space    used 880K, capacity 950K, committed 1024K, reserved 1048576K
}
Event: 7.143 GC heap before
{Heap before GC invocations=1 (full 0):
 garbage-first heap   total 124928K, used 43118K [0x0000000086800000, 0x0000000100000000)
  region size 1024K, 41 young (41984K), 2 survivors (2048K)
 Metaspace       used 20569K, capacity 21024K, committed 21248K, reserved 1069056K
  class space    used 2102K, capacity 2300K, committed 2304K, reserved 1048576K
}
Event: 7.153 GC heap after
{Heap after GC invocations=2 (full 0):
 garbage-first heap   total 124928K, used 5616K [0x0000000086800000, 0x0000000100000000)
  region size 1024K, 4 young (4096K), 4 survivors (4096K)
 Metaspace       used 20569K, capacity 21024K, committed 21248K, reserved 1069056K
  class space    used 2102K, capacity 2300K, committed 2304K, reserved 1048576K
}
Event: 10.680 GC heap before
{Heap before GC invocations=3 (full 0):
 garbage-first heap   total 124928K, used 47600K [0x0000000086800000, 0x0000000100000000)
  region size 1024K, 45 young (46080K), 4 survivors (4096K)
 Metaspace       used 29556K, capacity 30045K, committed 30336K, reserved 1077248K
  class space    used 3189K, capacity 3410K, committed 3456K, reserved 1048576K
}
Event: 10.690 GC heap after
{Heap after GC invocations=4 (full 0):
 garbage-first heap   total 124928K, used 7432K [0x0000000086800000, 0x0000000100000000)
  region size 1024K, 4 young (4096K), 4 survivors (4096K)
 Metaspace       used 29556K, capacity 30045K, committed 30336K, reserved 1077248K
  class space    used 3189K, capacity 3410K, committed 3456K, reserved 1048576K
}
Event: 12.396 GC heap before
{Heap before GC invocations=4 (full 0):
 garbage-first heap   total 124928K, used 43272K [0x0000000086800000, 0x0000000100000000)
  region size 1024K, 40 young (40960K), 4 survivors (4096K)
 Metaspace       used 35083K, capacity 35523K, committed 35584K, reserved 1081344K
  class space    used 3850K, capacity 4083K, committed 4096K, reserved 1048576K
}
Event: 12.407 GC heap after
{Heap after GC invocations=5 (full 0):
 garbage-first heap   total 124928K, used 8819K [0x0000000086800000, 0x0000000100000000)
  region size 1024K, 5 young (5120K), 5 survivors (5120K)
 Metaspace       used 35083K, capacity 35523K, committed 35584K, reserved 1081344K
  class space    used 3850K, capacity 4083K, committed 4096K, reserved 1048576K
}

